#
# A fatal error has been detected by the Java Runtime Environment:
#
#  EXCEPTION_ACCESS_VIOLATION (0xc0000005) at pc=0x00000190b92a1b3e, pid=24780, tid=18192
#
# JRE version: Java(TM) SE Runtime Environment (17.0.2+8) (build 17.0.2+8-LTS-86)
# Java VM: Java HotSpot(TM) 64-Bit Server VM (17.0.2+8-LTS-86, mixed mode, sharing, tiered, compressed oops, compressed class ptrs, g1 gc, windows-amd64)
# Problematic frame:
# v  ~VtableBlob
#
# No core dump will be written. Minidumps are not enabled by default on client versions of Windows
#
# If you would like to submit a bug report, please visit:
#   https://bugreport.java.com/bugreport/crash.jsp
# The crash happened outside the Java Virtual Machine in native code.
# See problematic frame for where to report the bug.
#

---------------  S U M M A R Y ------------

Command Line: -javaagent:C:\Program Files\JetBrains\IntelliJ IDEA Community Edition 2021.3.2\lib\idea_rt.jar=57993:C:\Program Files\JetBrains\IntelliJ IDEA Community Edition 2021.3.2\bin -Dfile.encoding=UTF-8 --module-path=C:\Users\Dupi\.m2\repository\org\openjfx\javafx-fxml\17.0.1\javafx-fxml-17.0.1-win.jar;C:\Users\Dupi\.m2\repository\org\openjfx\javafx-graphics\17.0.1\javafx-graphics-17.0.1-win.jar;C:\Users\Dupi\.m2\repository\org\openjfx\javafx-controls\17.0.1\javafx-controls-17.0.1-win.jar;C:\Users\Dupi\IdeaProjects\ZaliczenieKlient2\target\classes;C:\Users\Dupi\.m2\repository\com\vaadin\external\google\android-json\0.0.20131108.vaadin1\android-json-0.0.20131108.vaadin1.jar;C:\Users\Dupi\.m2\repository\org\openjfx\javafx-base\17.0.1\javafx-base-17.0.1-win.jar -Djdk.module.main=com.example.zaliczenieklient2 com.example.zaliczenieklient2/com.example.zaliczenieklient2.Application

Host: Intel(R) Core(TM) i5-7400 CPU @ 3.00GHz, 4 cores, 15G,  Windows 10 , 64 bit Build 19041 (10.0.19041.1806)
Time: Fri Jul 29 23:27:41 2022  Windows 10 , 64 bit Build 19041 (10.0.19041.1806) elapsed time: 12.977940 seconds (0d 0h 0m 12s)

---------------  T H R E A D  ---------------

Current thread (0x00000190d9b8d180):  JavaThread "Thread-1" daemon [_thread_in_native, id=18192, stack(0x000000232ee00000,0x000000232ef00000)]

Stack: [0x000000232ee00000,0x000000232ef00000],  sp=0x000000232eeffb28,  free space=1022k
Native frames: (J=compiled Java code, j=interpreted, Vv=VM code, C=native code)
C  0x00000190b92a1b3e


siginfo: EXCEPTION_ACCESS_VIOLATION (0xc0000005), writing address 0x0000032192e2e77f


Register to memory mapping:

RIP=0x00000190b92a1b3e is at code_begin+-10978 in 
RAX=0x00000190b92a1377 is at code_begin+-12969 in 
RBX=0x00000190d9d0ad10 points into unknown readable memory: 0x00000190b92a1321 | 21 13 2a b9 90 01 00 00
RCX=0x00000190d9d0ad10 points into unknown readable memory: 0x00000190b92a1321 | 21 13 2a b9 90 01 00 00
RDX=0x00000190d9b8d408 points into unknown readable memory: 0x0000000000000000 | 00 00 00 00 00 00 00 00
RSP=0x000000232eeffb28 is pointing into the stack for thread: 0x00000190d9b8d180
RBP=0x00000190d9b9da90 points into unknown readable memory: 0x00000190b92a1d90 | 90 1d 2a b9 90 01 00 00
RSI=0x0000000000000010 is an unknown value
RDI=0x00007ffdf791f3b0 glass.dll
R8 =0x0000000000000001 is an unknown value
R9 =0x0000000000000001 is an unknown value
R10=0x00000190d492f200 points into unknown readable memory: 0x0000001e00000000 | 00 00 00 00 1e 00 00 00
R11=0x000000232eeffae0 is pointing into the stack for thread: 0x00000190d9b8d180
R12=0x000000007ffe000c points into unknown readable memory: fc 07 00 00
R13=0x000000007ffe0008 points into unknown readable memory: 0x000007fc510f88fa | fa 88 0f 51 fc 07 00 00
R14=0x0 is NULL
R15=0x0 is NULL


Registers:
RAX=0x00000190b92a1377, RBX=0x00000190d9d0ad10, RCX=0x00000190d9d0ad10, RDX=0x00000190d9b8d408
RSP=0x000000232eeffb28, RBP=0x00000190d9b9da90, RSI=0x0000000000000010, RDI=0x00007ffdf791f3b0
R8 =0x0000000000000001, R9 =0x0000000000000001, R10=0x00000190d492f200, R11=0x000000232eeffae0
R12=0x000000007ffe000c, R13=0x000000007ffe0008, R14=0x0000000000000000, R15=0x0000000000000000
RIP=0x00000190b92a1b3e, EFLAGS=0x0000000000010206

Top of Stack: (sp=0x000000232eeffb28)
0x000000232eeffb28:   00007ffdf791f4c3 00000190d9b8d428
0x000000232eeffb38:   0000000000000010 00000190d4b9b9d8
0x000000232eeffb48:   0000000000000000 00007ffdf791f3b0
0x000000232eeffb58:   00007ffe20f02811 00007ffe20f1cf40
0x000000232eeffb68:   00007ffe20f1cf40 00007ffe20f1cf40
0x000000232eeffb78:   0000000000000010 0000000000000000
0x000000232eeffb88:   0000000000000000 0000000000000000
0x000000232eeffb98:   0000000000000000 0000000000000002
0x000000232eeffba8:   000007fc50d7d633 0000000000000000
0x000000232eeffbb8:   fffffffffffd9264 0000001000000000
0x000000232eeffbc8:   0000000000000000 0000000000000000
0x000000232eeffbd8:   0000000000000000 0000000000000000
0x000000232eeffbe8:   0000000000000000 0000000000000000
0x000000232eeffbf8:   0000000000000000 0000000000000000
0x000000232eeffc08:   0000000000000000 0000000000000848
0x000000232eeffc18:   0000000000000850 0000000000000000 

Instructions: (pc=0x00000190b92a1b3e)
0x00000190b92a1a3e:   c4 80 00 00 00 5d e9 37 91 72 ff f4 f4 f4 f4 f4
0x00000190b92a1a4e:   f4 f4 f4 f4 f4 f4 f4 f4 f4 f4 f4 f4 f4 f4 f4 f4
0x00000190b92a1a5e:   f4 f4 0f 1f 44 00 00 48 bb 00 00 00 00 00 00 00
0x00000190b92a1a6e:   00 e9 fb ff ff ff 90 48 bb 00 00 00 00 00 00 00
0x00000190b92a1a7e:   00 e9 fb ff ff ff 90 48 bb 00 00 00 00 00 00 00
0x00000190b92a1a8e:   00 e9 fb ff ff ff e8 e7 63 72 ff 48 b9 18 50 bc
0x00000190b92a1a9e:   c5 fd 7f 00 00 48 83 e4 f0 49 ba 90 66 8a c5 fd
0x00000190b92a1aae:   7f 00 00 41 ff d2 f4 49 ba b5 1a 2a b9 90 01 00
0x00000190b92a1abe:   00 41 52 e9 da 0b 71 ff f4 f4 a0 02 42 10 07 00
0x00000190b92a1ace:   00 00 a0 39 4d d4 90 01 00 00 c8 7c 4e d4 90 01
0x00000190b92a1ade:   00 00 40 d3 50 d4 90 01 00 00 70 88 1e d4 90 01
0x00000190b92a1aee:   00 00 20 7c 4e d4 90 01 00 00 e0 33 4d d4 90 01
0x00000190b92a1afe:   00 00 68 24 c7 00 08 00 00 00 00 68 c2 00 08 00
0x00000190b92a1b0e:   00 00 00 39 4d d4 90 01 00 00 a0 8a 1e d4 90 01
0x00000190b92a1b1e:   00 00 70 22 c7 00 08 00 00 00 20 49 1e d4 90 01
0x00000190b92a1b2e:   00 00 ff 01 00 00 00 01 0a 01 00 00 02 00 00 00
0x00000190b92a1b3e:   00 04 02 0d 0a 00 00 0f 03 06 0a 00 00 15 04 03
0x00000190b92a1b4e:   0a 00 00 04 02 15 0a 00 00 21 05 03 0a 00 00 01
0x00000190b92a1b5e:   00 c2 0a 15 04 0f 0a 2d 00 01 00 92 00 01 00 37
0x00000190b92a1b6e:   00 00 00 01 06 37 00 00 40 06 00 00 00 00 02 00
0x00000190b92a1b7e:   d2 03 00 92 04 02 00 4c 00 00 02 00 d2 05 00 92
0x00000190b92a1b8e:   0f 03 00 58 00 00 15 04 00 4c 00 00 21 05 00 4c
0x00000190b92a1b9e:   00 00 15 04 09 0a 00 00 00 00 ff ff ff ff 00 00
0x00000190b92a1bae:   00 00 00 00 00 00 00 00 00 00 2c 02 00 00 1b 00
0x00000190b92a1bbe:   00 00 00 00 00 00 00 00 00 00 ec 02 00 00 27 00
0x00000190b92a1bce:   00 00 00 00 00 00 00 00 00 00 ac 03 00 00 31 00
0x00000190b92a1bde:   00 00 00 00 00 00 00 00 00 00 d2 03 00 00 3a 00
0x00000190b92a1bee:   00 00 00 00 00 00 00 00 00 00 f3 03 00 00 46 00
0x00000190b92a1bfe:   00 00 00 00 00 00 00 00 00 00 fd 03 00 00 04 00
0x00000190b92a1c0e:   00 00 00 00 00 00 00 00 00 00 19 04 00 00 52 00
0x00000190b92a1c1e:   00 00 00 00 00 00 00 00 00 00 23 04 00 00 0f 00
0x00000190b92a1c2e:   00 00 00 00 00 00 00 00 00 00 3f 04 00 00 5e 00 


Stack slot to memory mapping:
stack at sp + 0 slots: 0x00007ffdf791f4c3 glass.dll
stack at sp + 1 slots: 0x00000190d9b8d428 points into unknown readable memory: 0x00007ffdc5d85640 | 40 56 d8 c5 fd 7f 00 00
stack at sp + 2 slots: 0x0000000000000010 is an unknown value
stack at sp + 3 slots: 0x00000190d4b9b9d8 points into unknown readable memory: 0x00000008003fca48 | 48 ca 3f 00 08 00 00 00
stack at sp + 4 slots: 0x0 is NULL
stack at sp + 5 slots: 0x00007ffdf791f3b0 glass.dll
stack at sp + 6 slots: 0x00007ffe20f02811 WINMM.dll
stack at sp + 7 slots: 0x00007ffe20f1cf40 WINMM.dll

--------------------------------------------------------------------------------
Decoding CodeBlob
[error occurred during error reporting (printing code blob if possible), id 0xc0000005, EXCEPTION_ACCESS_VIOLATION (0xc0000005) at pc=0x00007ffe2ed66cbc]


---------------  P R O C E S S  ---------------

Threads class SMR info:
_java_thread_list=0x00000190d4a45330, length=17, elements={
0x00000190d3cf1480, 0x00000190d3d390d0, 0x00000190d3d4cbd0, 0x00000190d3d4e590,
0x00000190d4800080, 0x00000190d4800a30, 0x00000190d48017c0, 0x00000190d4806770,
0x00000190d48800a0, 0x00000190d3cdad40, 0x00000190d4be2b60, 0x00000190d4be3030,
0x00000190d4fec440, 0x00000190d9b8d180, 0x00000190da593820, 0x00000190da9d7390,
0x00000190da9d6050
}

Java Threads: ( => current thread )
  0x00000190d3cf1480 JavaThread "Reference Handler" daemon [_thread_blocked, id=18828, stack(0x000000232d900000,0x000000232da00000)]
  0x00000190d3d390d0 JavaThread "Finalizer" daemon [_thread_blocked, id=7272, stack(0x000000232da00000,0x000000232db00000)]
  0x00000190d3d4cbd0 JavaThread "Signal Dispatcher" daemon [_thread_blocked, id=19152, stack(0x000000232db00000,0x000000232dc00000)]
  0x00000190d3d4e590 JavaThread "Attach Listener" daemon [_thread_blocked, id=23212, stack(0x000000232dc00000,0x000000232dd00000)]
  0x00000190d4800080 JavaThread "Service Thread" daemon [_thread_blocked, id=1316, stack(0x000000232dd00000,0x000000232de00000)]
  0x00000190d4800a30 JavaThread "Monitor Deflation Thread" daemon [_thread_blocked, id=25000, stack(0x000000232de00000,0x000000232df00000)]
  0x00000190d48017c0 JavaThread "C2 CompilerThread0" daemon [_thread_blocked, id=25164, stack(0x000000232df00000,0x000000232e000000)]
  0x00000190d4806770 JavaThread "C1 CompilerThread0" daemon [_thread_blocked, id=22936, stack(0x000000232e000000,0x000000232e100000)]
  0x00000190d48800a0 JavaThread "Sweeper thread" daemon [_thread_blocked, id=15120, stack(0x000000232e100000,0x000000232e200000)]
  0x00000190d3cdad40 JavaThread "Common-Cleaner" daemon [_thread_blocked, id=21512, stack(0x000000232e200000,0x000000232e300000)]
  0x00000190d4be2b60 JavaThread "Monitor Ctrl-Break" daemon [_thread_in_native, id=15080, stack(0x000000232e400000,0x000000232e500000)]
  0x00000190d4be3030 JavaThread "Notification Thread" daemon [_thread_blocked, id=20956, stack(0x000000232e500000,0x000000232e600000)]
  0x00000190d4fec440 JavaThread "InvokeLaterDispatcher" daemon [_thread_blocked, id=24760, stack(0x000000232eb00000,0x000000232ec00000)]
=>0x00000190d9b8d180 JavaThread "Thread-1" daemon [_thread_in_native, id=18192, stack(0x000000232ee00000,0x000000232ef00000)]
  0x00000190da593820 JavaThread "Prism Font Disposer" daemon [_thread_blocked, id=12500, stack(0x000000232f400000,0x000000232f500000)]
  0x00000190da9d7390 JavaThread "Cleaner-0" daemon [_thread_blocked, id=22320, stack(0x000000232f500000,0x000000232f600000)]
  0x00000190da9d6050 JavaThread "DestroyJavaVM" [_thread_blocked, id=1620, stack(0x000000232d200000,0x000000232d300000)]

Other Threads:
  0x00000190d3d34010 VMThread "VM Thread" [stack: 0x000000232d800000,0x000000232d900000] [id=17976]
  0x00000190d4b92300 WatcherThread [stack: 0x000000232e600000,0x000000232e700000] [id=22280]
  0x00000190af9802a0 GCTaskThread "GC Thread#0" [stack: 0x000000232d300000,0x000000232d400000] [id=24948]
  0x00000190d4be4b80 GCTaskThread "GC Thread#1" [stack: 0x000000232e300000,0x000000232e400000] [id=15728]
  0x00000190d4e80680 GCTaskThread "GC Thread#2" [stack: 0x000000232e700000,0x000000232e800000] [id=23772]
  0x00000190d4c749c0 GCTaskThread "GC Thread#3" [stack: 0x000000232e800000,0x000000232e900000] [id=20348]
  0x00000190af990f60 ConcurrentGCThread "G1 Main Marker" [stack: 0x000000232d400000,0x000000232d500000] [id=12140]
  0x00000190af991870 ConcurrentGCThread "G1 Conc#0" [stack: 0x000000232d500000,0x000000232d600000] [id=24964]
  0x00000190d3bb24c0 ConcurrentGCThread "G1 Refine#0" [stack: 0x000000232d600000,0x000000232d700000] [id=12184]
  0x00000190d3bb2de0 ConcurrentGCThread "G1 Service" [stack: 0x000000232d700000,0x000000232d800000] [id=23640]

Threads with active compile tasks:

VM state: not at safepoint (normal execution)

VM Mutex/Monitor currently owned by a thread: None

Heap address: 0x0000000701800000, size: 4072 MB, Compressed Oops mode: Zero based, Oop shift amount: 3

CDS archive(s) mapped at: [0x0000000800000000-0x0000000800bc0000-0x0000000800bc0000), size 12320768, SharedBaseAddress: 0x0000000800000000, ArchiveRelocationMode: 0.
Compressed class space mapped at: 0x0000000800c00000-0x0000000840c00000, reserved size: 1073741824
Narrow klass base: 0x0000000800000000, Narrow klass shift: 0, Narrow klass range: 0x100000000

GC Precious Log:
 CPUs: 4 total, 4 available
 Memory: 16280M
 Large Page Support: Disabled
 NUMA Support: Disabled
 Compressed Oops: Enabled (Zero based)
 Heap Region Size: 2M
 Heap Min Capacity: 8M
 Heap Initial Capacity: 256M
 Heap Max Capacity: 4072M
 Pre-touch: Disabled
 Parallel Workers: 4
 Concurrent Workers: 1
 Concurrent Refinement Workers: 4
 Periodic GC: Disabled

Heap:
 garbage-first heap   total 262144K, used 36687K [0x0000000701800000, 0x0000000800000000)
  region size 2048K, 18 young (36864K), 2 survivors (4096K)
 Metaspace       used 14681K, committed 14912K, reserved 1064960K
  class space    used 2127K, committed 2240K, reserved 1048576K

Heap Regions: E=young(eden), S=young(survivor), O=old, HS=humongous(starts), HC=humongous(continues), CS=collection set, F=free, OA=open archive, CA=closed archive, TAMS=top-at-mark-start (previous, next)
|   0|0x0000000701800000, 0x0000000701a00000, 0x0000000701a00000|100%|HS|  |TAMS 0x0000000701800000, 0x0000000701800000| Complete 
|   1|0x0000000701a00000, 0x0000000701c00000, 0x0000000701c00000|100%|HS|  |TAMS 0x0000000701a00000, 0x0000000701a00000| Complete 
|   2|0x0000000701c00000, 0x0000000701c00000, 0x0000000701e00000|  0%| F|  |TAMS 0x0000000701c00000, 0x0000000701c00000| Untracked 
|   3|0x0000000701e00000, 0x0000000701e00000, 0x0000000702000000|  0%| F|  |TAMS 0x0000000701e00000, 0x0000000701e00000| Untracked 
|   4|0x0000000702000000, 0x0000000702000000, 0x0000000702200000|  0%| F|  |TAMS 0x0000000702000000, 0x0000000702000000| Untracked 
|   5|0x0000000702200000, 0x0000000702200000, 0x0000000702400000|  0%| F|  |TAMS 0x0000000702200000, 0x0000000702200000| Untracked 
|   6|0x0000000702400000, 0x0000000702400000, 0x0000000702600000|  0%| F|  |TAMS 0x0000000702400000, 0x0000000702400000| Untracked 
|   7|0x0000000702600000, 0x0000000702600000, 0x0000000702800000|  0%| F|  |TAMS 0x0000000702600000, 0x0000000702600000| Untracked 
|   8|0x0000000702800000, 0x0000000702800000, 0x0000000702a00000|  0%| F|  |TAMS 0x0000000702800000, 0x0000000702800000| Untracked 
|   9|0x0000000702a00000, 0x0000000702a00000, 0x0000000702c00000|  0%| F|  |TAMS 0x0000000702a00000, 0x0000000702a00000| Untracked 
|  10|0x0000000702c00000, 0x0000000702c00000, 0x0000000702e00000|  0%| F|  |TAMS 0x0000000702c00000, 0x0000000702c00000| Untracked 
|  11|0x0000000702e00000, 0x0000000702e00000, 0x0000000703000000|  0%| F|  |TAMS 0x0000000702e00000, 0x0000000702e00000| Untracked 
|  12|0x0000000703000000, 0x0000000703000000, 0x0000000703200000|  0%| F|  |TAMS 0x0000000703000000, 0x0000000703000000| Untracked 
|  13|0x0000000703200000, 0x0000000703200000, 0x0000000703400000|  0%| F|  |TAMS 0x0000000703200000, 0x0000000703200000| Untracked 
|  14|0x0000000703400000, 0x0000000703400000, 0x0000000703600000|  0%| F|  |TAMS 0x0000000703400000, 0x0000000703400000| Untracked 
|  15|0x0000000703600000, 0x0000000703600000, 0x0000000703800000|  0%| F|  |TAMS 0x0000000703600000, 0x0000000703600000| Untracked 
|  16|0x0000000703800000, 0x0000000703800000, 0x0000000703a00000|  0%| F|  |TAMS 0x0000000703800000, 0x0000000703800000| Untracked 
|  17|0x0000000703a00000, 0x0000000703a00000, 0x0000000703c00000|  0%| F|  |TAMS 0x0000000703a00000, 0x0000000703a00000| Untracked 
|  18|0x0000000703c00000, 0x0000000703c00000, 0x0000000703e00000|  0%| F|  |TAMS 0x0000000703c00000, 0x0000000703c00000| Untracked 
|  19|0x0000000703e00000, 0x0000000703e00000, 0x0000000704000000|  0%| F|  |TAMS 0x0000000703e00000, 0x0000000703e00000| Untracked 
|  20|0x0000000704000000, 0x0000000704000000, 0x0000000704200000|  0%| F|  |TAMS 0x0000000704000000, 0x0000000704000000| Untracked 
|  21|0x0000000704200000, 0x0000000704200000, 0x0000000704400000|  0%| F|  |TAMS 0x0000000704200000, 0x0000000704200000| Untracked 
|  22|0x0000000704400000, 0x0000000704400000, 0x0000000704600000|  0%| F|  |TAMS 0x0000000704400000, 0x0000000704400000| Untracked 
|  23|0x0000000704600000, 0x0000000704600000, 0x0000000704800000|  0%| F|  |TAMS 0x0000000704600000, 0x0000000704600000| Untracked 
|  24|0x0000000704800000, 0x0000000704800000, 0x0000000704a00000|  0%| F|  |TAMS 0x0000000704800000, 0x0000000704800000| Untracked 
|  25|0x0000000704a00000, 0x0000000704a00000, 0x0000000704c00000|  0%| F|  |TAMS 0x0000000704a00000, 0x0000000704a00000| Untracked 
|  26|0x0000000704c00000, 0x0000000704c00000, 0x0000000704e00000|  0%| F|  |TAMS 0x0000000704c00000, 0x0000000704c00000| Untracked 
|  27|0x0000000704e00000, 0x0000000704e00000, 0x0000000705000000|  0%| F|  |TAMS 0x0000000704e00000, 0x0000000704e00000| Untracked 
|  28|0x0000000705000000, 0x0000000705000000, 0x0000000705200000|  0%| F|  |TAMS 0x0000000705000000, 0x0000000705000000| Untracked 
|  29|0x0000000705200000, 0x0000000705200000, 0x0000000705400000|  0%| F|  |TAMS 0x0000000705200000, 0x0000000705200000| Untracked 
|  30|0x0000000705400000, 0x0000000705400000, 0x0000000705600000|  0%| F|  |TAMS 0x0000000705400000, 0x0000000705400000| Untracked 
|  31|0x0000000705600000, 0x0000000705600000, 0x0000000705800000|  0%| F|  |TAMS 0x0000000705600000, 0x0000000705600000| Untracked 
|  32|0x0000000705800000, 0x0000000705800000, 0x0000000705a00000|  0%| F|  |TAMS 0x0000000705800000, 0x0000000705800000| Untracked 
|  33|0x0000000705a00000, 0x0000000705a00000, 0x0000000705c00000|  0%| F|  |TAMS 0x0000000705a00000, 0x0000000705a00000| Untracked 
|  34|0x0000000705c00000, 0x0000000705c00000, 0x0000000705e00000|  0%| F|  |TAMS 0x0000000705c00000, 0x0000000705c00000| Untracked 
|  35|0x0000000705e00000, 0x0000000705e00000, 0x0000000706000000|  0%| F|  |TAMS 0x0000000705e00000, 0x0000000705e00000| Untracked 
|  36|0x0000000706000000, 0x0000000706000000, 0x0000000706200000|  0%| F|  |TAMS 0x0000000706000000, 0x0000000706000000| Untracked 
|  37|0x0000000706200000, 0x0000000706200000, 0x0000000706400000|  0%| F|  |TAMS 0x0000000706200000, 0x0000000706200000| Untracked 
|  38|0x0000000706400000, 0x0000000706400000, 0x0000000706600000|  0%| F|  |TAMS 0x0000000706400000, 0x0000000706400000| Untracked 
|  39|0x0000000706600000, 0x0000000706600000, 0x0000000706800000|  0%| F|  |TAMS 0x0000000706600000, 0x0000000706600000| Untracked 
|  40|0x0000000706800000, 0x0000000706800000, 0x0000000706a00000|  0%| F|  |TAMS 0x0000000706800000, 0x0000000706800000| Untracked 
|  41|0x0000000706a00000, 0x0000000706a00000, 0x0000000706c00000|  0%| F|  |TAMS 0x0000000706a00000, 0x0000000706a00000| Untracked 
|  42|0x0000000706c00000, 0x0000000706c00000, 0x0000000706e00000|  0%| F|  |TAMS 0x0000000706c00000, 0x0000000706c00000| Untracked 
|  43|0x0000000706e00000, 0x0000000706e00000, 0x0000000707000000|  0%| F|  |TAMS 0x0000000706e00000, 0x0000000706e00000| Untracked 
|  44|0x0000000707000000, 0x0000000707000000, 0x0000000707200000|  0%| F|  |TAMS 0x0000000707000000, 0x0000000707000000| Untracked 
|  45|0x0000000707200000, 0x0000000707200000, 0x0000000707400000|  0%| F|  |TAMS 0x0000000707200000, 0x0000000707200000| Untracked 
|  46|0x0000000707400000, 0x0000000707400000, 0x0000000707600000|  0%| F|  |TAMS 0x0000000707400000, 0x0000000707400000| Untracked 
|  47|0x0000000707600000, 0x0000000707600000, 0x0000000707800000|  0%| F|  |TAMS 0x0000000707600000, 0x0000000707600000| Untracked 
|  48|0x0000000707800000, 0x0000000707800000, 0x0000000707a00000|  0%| F|  |TAMS 0x0000000707800000, 0x0000000707800000| Untracked 
|  49|0x0000000707a00000, 0x0000000707a00000, 0x0000000707c00000|  0%| F|  |TAMS 0x0000000707a00000, 0x0000000707a00000| Untracked 
|  50|0x0000000707c00000, 0x0000000707c00000, 0x0000000707e00000|  0%| F|  |TAMS 0x0000000707c00000, 0x0000000707c00000| Untracked 
|  51|0x0000000707e00000, 0x0000000707e00000, 0x0000000708000000|  0%| F|  |TAMS 0x0000000707e00000, 0x0000000707e00000| Untracked 
|  52|0x0000000708000000, 0x0000000708000000, 0x0000000708200000|  0%| F|  |TAMS 0x0000000708000000, 0x0000000708000000| Untracked 
|  53|0x0000000708200000, 0x0000000708200000, 0x0000000708400000|  0%| F|  |TAMS 0x0000000708200000, 0x0000000708200000| Untracked 
|  54|0x0000000708400000, 0x0000000708400000, 0x0000000708600000|  0%| F|  |TAMS 0x0000000708400000, 0x0000000708400000| Untracked 
|  55|0x0000000708600000, 0x0000000708600000, 0x0000000708800000|  0%| F|  |TAMS 0x0000000708600000, 0x0000000708600000| Untracked 
|  56|0x0000000708800000, 0x0000000708800000, 0x0000000708a00000|  0%| F|  |TAMS 0x0000000708800000, 0x0000000708800000| Untracked 
|  57|0x0000000708a00000, 0x0000000708a00000, 0x0000000708c00000|  0%| F|  |TAMS 0x0000000708a00000, 0x0000000708a00000| Untracked 
|  58|0x0000000708c00000, 0x0000000708c00000, 0x0000000708e00000|  0%| F|  |TAMS 0x0000000708c00000, 0x0000000708c00000| Untracked 
|  59|0x0000000708e00000, 0x0000000708e00000, 0x0000000709000000|  0%| F|  |TAMS 0x0000000708e00000, 0x0000000708e00000| Untracked 
|  60|0x0000000709000000, 0x0000000709000000, 0x0000000709200000|  0%| F|  |TAMS 0x0000000709000000, 0x0000000709000000| Untracked 
|  61|0x0000000709200000, 0x0000000709200000, 0x0000000709400000|  0%| F|  |TAMS 0x0000000709200000, 0x0000000709200000| Untracked 
|  62|0x0000000709400000, 0x0000000709400000, 0x0000000709600000|  0%| F|  |TAMS 0x0000000709400000, 0x0000000709400000| Untracked 
|  63|0x0000000709600000, 0x0000000709600000, 0x0000000709800000|  0%| F|  |TAMS 0x0000000709600000, 0x0000000709600000| Untracked 
|  64|0x0000000709800000, 0x0000000709800000, 0x0000000709a00000|  0%| F|  |TAMS 0x0000000709800000, 0x0000000709800000| Untracked 
|  65|0x0000000709a00000, 0x0000000709a00000, 0x0000000709c00000|  0%| F|  |TAMS 0x0000000709a00000, 0x0000000709a00000| Untracked 
|  66|0x0000000709c00000, 0x0000000709c00000, 0x0000000709e00000|  0%| F|  |TAMS 0x0000000709c00000, 0x0000000709c00000| Untracked 
|  67|0x0000000709e00000, 0x0000000709e00000, 0x000000070a000000|  0%| F|  |TAMS 0x0000000709e00000, 0x0000000709e00000| Untracked 
|  68|0x000000070a000000, 0x000000070a000000, 0x000000070a200000|  0%| F|  |TAMS 0x000000070a000000, 0x000000070a000000| Untracked 
|  69|0x000000070a200000, 0x000000070a200000, 0x000000070a400000|  0%| F|  |TAMS 0x000000070a200000, 0x000000070a200000| Untracked 
|  70|0x000000070a400000, 0x000000070a400000, 0x000000070a600000|  0%| F|  |TAMS 0x000000070a400000, 0x000000070a400000| Untracked 
|  71|0x000000070a600000, 0x000000070a600000, 0x000000070a800000|  0%| F|  |TAMS 0x000000070a600000, 0x000000070a600000| Untracked 
|  72|0x000000070a800000, 0x000000070a800000, 0x000000070aa00000|  0%| F|  |TAMS 0x000000070a800000, 0x000000070a800000| Untracked 
|  73|0x000000070aa00000, 0x000000070aa00000, 0x000000070ac00000|  0%| F|  |TAMS 0x000000070aa00000, 0x000000070aa00000| Untracked 
|  74|0x000000070ac00000, 0x000000070ac00000, 0x000000070ae00000|  0%| F|  |TAMS 0x000000070ac00000, 0x000000070ac00000| Untracked 
|  75|0x000000070ae00000, 0x000000070ae00000, 0x000000070b000000|  0%| F|  |TAMS 0x000000070ae00000, 0x000000070ae00000| Untracked 
|  76|0x000000070b000000, 0x000000070b000000, 0x000000070b200000|  0%| F|  |TAMS 0x000000070b000000, 0x000000070b000000| Untracked 
|  77|0x000000070b200000, 0x000000070b200000, 0x000000070b400000|  0%| F|  |TAMS 0x000000070b200000, 0x000000070b200000| Untracked 
|  78|0x000000070b400000, 0x000000070b400000, 0x000000070b600000|  0%| F|  |TAMS 0x000000070b400000, 0x000000070b400000| Untracked 
|  79|0x000000070b600000, 0x000000070b600000, 0x000000070b800000|  0%| F|  |TAMS 0x000000070b600000, 0x000000070b600000| Untracked 
|  80|0x000000070b800000, 0x000000070b800000, 0x000000070ba00000|  0%| F|  |TAMS 0x000000070b800000, 0x000000070b800000| Untracked 
|  81|0x000000070ba00000, 0x000000070ba00000, 0x000000070bc00000|  0%| F|  |TAMS 0x000000070ba00000, 0x000000070ba00000| Untracked 
|  82|0x000000070bc00000, 0x000000070bc00000, 0x000000070be00000|  0%| F|  |TAMS 0x000000070bc00000, 0x000000070bc00000| Untracked 
|  83|0x000000070be00000, 0x000000070be00000, 0x000000070c000000|  0%| F|  |TAMS 0x000000070be00000, 0x000000070be00000| Untracked 
|  84|0x000000070c000000, 0x000000070c000000, 0x000000070c200000|  0%| F|  |TAMS 0x000000070c000000, 0x000000070c000000| Untracked 
|  85|0x000000070c200000, 0x000000070c200000, 0x000000070c400000|  0%| F|  |TAMS 0x000000070c200000, 0x000000070c200000| Untracked 
|  86|0x000000070c400000, 0x000000070c400000, 0x000000070c600000|  0%| F|  |TAMS 0x000000070c400000, 0x000000070c400000| Untracked 
|  87|0x000000070c600000, 0x000000070c600000, 0x000000070c800000|  0%| F|  |TAMS 0x000000070c600000, 0x000000070c600000| Untracked 
|  88|0x000000070c800000, 0x000000070c800000, 0x000000070ca00000|  0%| F|  |TAMS 0x000000070c800000, 0x000000070c800000| Untracked 
|  89|0x000000070ca00000, 0x000000070ca00000, 0x000000070cc00000|  0%| F|  |TAMS 0x000000070ca00000, 0x000000070ca00000| Untracked 
|  90|0x000000070cc00000, 0x000000070cc00000, 0x000000070ce00000|  0%| F|  |TAMS 0x000000070cc00000, 0x000000070cc00000| Untracked 
|  91|0x000000070ce00000, 0x000000070ce00000, 0x000000070d000000|  0%| F|  |TAMS 0x000000070ce00000, 0x000000070ce00000| Untracked 
|  92|0x000000070d000000, 0x000000070d000000, 0x000000070d200000|  0%| F|  |TAMS 0x000000070d000000, 0x000000070d000000| Untracked 
|  93|0x000000070d200000, 0x000000070d200000, 0x000000070d400000|  0%| F|  |TAMS 0x000000070d200000, 0x000000070d200000| Untracked 
|  94|0x000000070d400000, 0x000000070d400000, 0x000000070d600000|  0%| F|  |TAMS 0x000000070d400000, 0x000000070d400000| Untracked 
|  95|0x000000070d600000, 0x000000070d600000, 0x000000070d800000|  0%| F|  |TAMS 0x000000070d600000, 0x000000070d600000| Untracked 
|  96|0x000000070d800000, 0x000000070d800000, 0x000000070da00000|  0%| F|  |TAMS 0x000000070d800000, 0x000000070d800000| Untracked 
|  97|0x000000070da00000, 0x000000070da00000, 0x000000070dc00000|  0%| F|  |TAMS 0x000000070da00000, 0x000000070da00000| Untracked 
|  98|0x000000070dc00000, 0x000000070dc00000, 0x000000070de00000|  0%| F|  |TAMS 0x000000070dc00000, 0x000000070dc00000| Untracked 
|  99|0x000000070de00000, 0x000000070de00000, 0x000000070e000000|  0%| F|  |TAMS 0x000000070de00000, 0x000000070de00000| Untracked 
| 100|0x000000070e000000, 0x000000070e000000, 0x000000070e200000|  0%| F|  |TAMS 0x000000070e000000, 0x000000070e000000| Untracked 
| 101|0x000000070e200000, 0x000000070e200000, 0x000000070e400000|  0%| F|  |TAMS 0x000000070e200000, 0x000000070e200000| Untracked 
| 102|0x000000070e400000, 0x000000070e400000, 0x000000070e600000|  0%| F|  |TAMS 0x000000070e400000, 0x000000070e400000| Untracked 
| 103|0x000000070e600000, 0x000000070e600000, 0x000000070e800000|  0%| F|  |TAMS 0x000000070e600000, 0x000000070e600000| Untracked 
| 104|0x000000070e800000, 0x000000070e800000, 0x000000070ea00000|  0%| F|  |TAMS 0x000000070e800000, 0x000000070e800000| Untracked 
| 105|0x000000070ea00000, 0x000000070ea00000, 0x000000070ec00000|  0%| F|  |TAMS 0x000000070ea00000, 0x000000070ea00000| Untracked 
| 106|0x000000070ec00000, 0x000000070ec00000, 0x000000070ee00000|  0%| F|  |TAMS 0x000000070ec00000, 0x000000070ec00000| Untracked 
| 107|0x000000070ee00000, 0x000000070ee00000, 0x000000070f000000|  0%| F|  |TAMS 0x000000070ee00000, 0x000000070ee00000| Untracked 
| 108|0x000000070f000000, 0x000000070f000000, 0x000000070f200000|  0%| F|  |TAMS 0x000000070f000000, 0x000000070f000000| Untracked 
| 109|0x000000070f200000, 0x000000070f200000, 0x000000070f400000|  0%| F|  |TAMS 0x000000070f200000, 0x000000070f200000| Untracked 
| 110|0x000000070f400000, 0x000000070f51b398, 0x000000070f600000| 55%| E|  |TAMS 0x000000070f400000, 0x000000070f400000| Complete 
| 111|0x000000070f600000, 0x000000070f800000, 0x000000070f800000|100%| E|CS|TAMS 0x000000070f600000, 0x000000070f600000| Complete 
| 112|0x000000070f800000, 0x000000070fa00000, 0x000000070fa00000|100%| E|CS|TAMS 0x000000070f800000, 0x000000070f800000| Complete 
| 113|0x000000070fa00000, 0x000000070fc00000, 0x000000070fc00000|100%| E|CS|TAMS 0x000000070fa00000, 0x000000070fa00000| Complete 
| 114|0x000000070fc00000, 0x000000070fe00000, 0x000000070fe00000|100%| E|CS|TAMS 0x000000070fc00000, 0x000000070fc00000| Complete 
| 115|0x000000070fe00000, 0x0000000710000000, 0x0000000710000000|100%| E|CS|TAMS 0x000000070fe00000, 0x000000070fe00000| Complete 
| 116|0x0000000710000000, 0x0000000710200000, 0x0000000710200000|100%| E|CS|TAMS 0x0000000710000000, 0x0000000710000000| Complete 
| 117|0x0000000710200000, 0x00000007103d3f50, 0x0000000710400000| 91%| S|CS|TAMS 0x0000000710200000, 0x0000000710200000| Complete 
| 118|0x0000000710400000, 0x0000000710600000, 0x0000000710600000|100%| S|CS|TAMS 0x0000000710400000, 0x0000000710400000| Complete 
| 119|0x0000000710600000, 0x0000000710800000, 0x0000000710800000|100%| E|CS|TAMS 0x0000000710600000, 0x0000000710600000| Complete 
| 120|0x0000000710800000, 0x0000000710a00000, 0x0000000710a00000|100%| E|CS|TAMS 0x0000000710800000, 0x0000000710800000| Complete 
| 121|0x0000000710a00000, 0x0000000710c00000, 0x0000000710c00000|100%| E|CS|TAMS 0x0000000710a00000, 0x0000000710a00000| Complete 
| 122|0x0000000710c00000, 0x0000000710e00000, 0x0000000710e00000|100%| E|CS|TAMS 0x0000000710c00000, 0x0000000710c00000| Complete 
| 123|0x0000000710e00000, 0x0000000711000000, 0x0000000711000000|100%| E|CS|TAMS 0x0000000710e00000, 0x0000000710e00000| Complete 
| 124|0x0000000711000000, 0x0000000711200000, 0x0000000711200000|100%| E|CS|TAMS 0x0000000711000000, 0x0000000711000000| Complete 
| 125|0x0000000711200000, 0x0000000711400000, 0x0000000711400000|100%| E|CS|TAMS 0x0000000711200000, 0x0000000711200000| Complete 
| 126|0x0000000711400000, 0x0000000711600000, 0x0000000711600000|100%| E|  |TAMS 0x0000000711400000, 0x0000000711400000| Complete 
| 127|0x0000000711600000, 0x0000000711800000, 0x0000000711800000|100%| E|CS|TAMS 0x0000000711600000, 0x0000000711600000| Complete 

Card table byte_map: [0x00000190c8780000,0x00000190c8f80000] _byte_map_base: 0x00000190c4f74000

Marking Bits (Prev, Next): (CMBitMap*) 0x00000190af9807b0, (CMBitMap*) 0x00000190af9807f0
 Prev Bits: [0x00000190c9780000, 0x00000190cd720000)
 Next Bits: [0x00000190cd720000, 0x00000190d16c0000)

Polling page: 0x00000190afa00000

Metaspace:

Usage:
  Non-class:     12.26 MB used.
      Class:      2.08 MB used.
       Both:     14.34 MB used.

Virtual space:
  Non-class space:       16.00 MB reserved,      12.38 MB ( 77%) committed,  2 nodes.
      Class space:        1.00 GB reserved,       2.19 MB ( <1%) committed,  1 nodes.
             Both:        1.02 GB reserved,      14.56 MB (  1%) committed. 

Chunk freelists:
   Non-Class:  2.72 MB
       Class:  1.78 MB
        Both:  4.50 MB

MaxMetaspaceSize: unlimited
CompressedClassSpaceSize: 1.00 GB
Initial GC threshold: 21.00 MB
Current GC threshold: 21.00 MB
CDS: on
MetaspaceReclaimPolicy: balanced
 - commit_granule_bytes: 65536.
 - commit_granule_words: 8192.
 - virtual_space_node_default_size: 1048576.
 - enlarge_chunks_in_place: 1.
 - new_chunks_are_fully_committed: 0.
 - uncommit_free_chunks: 1.
 - use_allocation_guard: 0.
 - handle_deallocations: 1.


Internal statistics:

num_allocs_failed_limit: 0.
num_arena_births: 198.
num_arena_deaths: 0.
num_vsnodes_births: 3.
num_vsnodes_deaths: 0.
num_space_committed: 233.
num_space_uncommitted: 0.
num_chunks_returned_to_freelist: 0.
num_chunks_taken_from_freelist: 641.
num_chunk_merges: 0.
num_chunk_splits: 443.
num_chunks_enlarged: 356.
num_purges: 0.
num_inconsistent_stats: 0.

CodeHeap 'non-profiled nmethods': size=120000Kb used=757Kb max_used=757Kb free=119242Kb
 bounds [0x00000190c0430000, 0x00000190c06a0000, 0x00000190c7960000]
CodeHeap 'profiled nmethods': size=120000Kb used=3725Kb max_used=3725Kb free=116274Kb
 bounds [0x00000190b8f00000, 0x00000190b92b0000, 0x00000190c0430000]
CodeHeap 'non-nmethods': size=5760Kb used=1415Kb max_used=1452Kb free=4344Kb
 bounds [0x00000190b8960000, 0x00000190b8bd0000, 0x00000190b8f00000]
 total_blobs=2846 nmethods=2072 adapters=686
 compilation: enabled
              stopped_count=0, restarted_count=0
 full_count=0

Compilation events (20 events):
Event: 12.950 Thread 0x00000190d4806770 2064       3       java.lang.reflect.Constructor::setConstructorAccessor (21 bytes)
Event: 12.950 Thread 0x00000190d4806770 nmethod 2064 0x00000190b929ed90 code [0x00000190b929ef40, 0x00000190b929f248]
Event: 12.950 Thread 0x00000190d4806770 2065       3       jdk.internal.org.objectweb.asm.FieldVisitor::<init> (88 bytes)
Event: 12.951 Thread 0x00000190d4806770 nmethod 2065 0x00000190b929f390 code [0x00000190b929f5e0, 0x00000190b929fec8]
Event: 12.957 Thread 0x00000190d4806770 2066       3       jdk.internal.loader.NativeLibraries::find (72 bytes)
Event: 12.957 Thread 0x00000190d4806770 nmethod 2066 0x00000190b92a0190 code [0x00000190b92a03c0, 0x00000190b92a0c58]
Event: 12.970 Thread 0x00000190d4806770 2067       1       java.util.concurrent.CopyOnWriteArrayList::getArray (5 bytes)
Event: 12.970 Thread 0x00000190d4806770 nmethod 2067 0x00000190c04ed190 code [0x00000190c04ed320, 0x00000190c04ed3f8]
Event: 12.970 Thread 0x00000190d4806770 2068       3       java.lang.Class$ReflectionData::<init> (10 bytes)
Event: 12.971 Thread 0x00000190d4806770 nmethod 2068 0x00000190b92a0f10 code [0x00000190b92a10a0, 0x00000190b92a1218]
Event: 12.971 Thread 0x00000190d4806770 2070       3       com.sun.glass.ui.Application::invokeLater (13 bytes)
Event: 12.971 Thread 0x00000190d4806770 nmethod 2070 0x00000190b92a1310 code [0x00000190b92a1520, 0x00000190b92a1ac8]
Event: 12.971 Thread 0x00000190d4806770 2071       3       com.sun.glass.ui.win.WinApplication::_invokeLater (24 bytes)
Event: 12.971 Thread 0x00000190d4806770 nmethod 2071 0x00000190b92a1d90 code [0x00000190b92a1f80, 0x00000190b92a23e8]
Event: 12.971 Thread 0x00000190d4806770 2072       3       com.sun.glass.ui.InvokeLaterDispatcher::invokeLater (11 bytes)
Event: 12.971 Thread 0x00000190d4806770 nmethod 2072 0x00000190b92a2610 code [0x00000190b92a27e0, 0x00000190b92a2ad8]
Event: 12.971 Thread 0x00000190d4806770 2073       3       java.util.concurrent.LinkedBlockingDeque::addLast (19 bytes)
Event: 12.971 Thread 0x00000190d4806770 nmethod 2073 0x00000190b92a2c90 code [0x00000190b92a2e40, 0x00000190b92a3098]
Event: 12.971 Thread 0x00000190d4806770 2069       3       java.lang.Class$Atomic::casReflectionData (13 bytes)
Event: 12.972 Thread 0x00000190d4806770 nmethod 2069 0x00000190b92a3190 code [0x00000190b92a3320, 0x00000190b92a3478]

GC Heap History (4 events):
Event: 0.612 GC heap before
{Heap before GC invocations=0 (full 0):
 garbage-first heap   total 262144K, used 12288K [0x0000000701800000, 0x0000000800000000)
  region size 2048K, 6 young (12288K), 0 survivors (0K)
 Metaspace       used 2503K, committed 2624K, reserved 1056768K
  class space    used 267K, committed 320K, reserved 1048576K
}
Event: 0.619 GC heap after
{Heap after GC invocations=1 (full 0):
 garbage-first heap   total 262144K, used 1736K [0x0000000701800000, 0x0000000800000000)
  region size 2048K, 1 young (2048K), 1 survivors (2048K)
 Metaspace       used 2503K, committed 2624K, reserved 1056768K
  class space    used 267K, committed 320K, reserved 1048576K
}
Event: 1.180 GC heap before
{Heap before GC invocations=1 (full 0):
 garbage-first heap   total 262144K, used 18120K [0x0000000701800000, 0x0000000800000000)
  region size 2048K, 9 young (18432K), 1 survivors (2048K)
 Metaspace       used 7840K, committed 8000K, reserved 1056768K
  class space    used 999K, committed 1088K, reserved 1048576K
}
Event: 1.183 GC heap after
{Heap after GC invocations=2 (full 0):
 garbage-first heap   total 262144K, used 5967K [0x0000000701800000, 0x0000000800000000)
  region size 2048K, 2 young (4096K), 2 survivors (4096K)
 Metaspace       used 7840K, committed 8000K, reserved 1056768K
  class space    used 999K, committed 1088K, reserved 1048576K
}

Deoptimization events (20 events):
Event: 1.441 Thread 0x00000190d50af860 Uncommon trap: trap_request=0xffffff45 fr.pc=0x00000190c04930bc relative=0x000000000000021c
Event: 1.441 Thread 0x00000190d50af860 Uncommon trap: reason=unstable_if action=reinterpret pc=0x00000190c04930bc method=java.util.HashMap.hash(Ljava/lang/Object;)I @ 1 c2
Event: 1.441 Thread 0x00000190d50af860 DEOPT PACKING pc=0x00000190c04930bc sp=0x000000232ecfdbf0
Event: 1.441 Thread 0x00000190d50af860 DEOPT UNPACKING pc=0x00000190b89b23a3 sp=0x000000232ecfdb88 mode 2
Event: 1.569 Thread 0x00000190d50af860 Uncommon trap: trap_request=0xffffffde fr.pc=0x00000190c0441438 relative=0x00000000000001b8
Event: 1.569 Thread 0x00000190d50af860 Uncommon trap: reason=class_check action=maybe_recompile pc=0x00000190c0441438 method=java.lang.String.equals(Ljava/lang/Object;)Z @ 8 c2
Event: 1.569 Thread 0x00000190d50af860 DEOPT PACKING pc=0x00000190c0441438 sp=0x000000232ecfdc60
Event: 1.569 Thread 0x00000190d50af860 DEOPT UNPACKING pc=0x00000190b89b23a3 sp=0x000000232ecfdc08 mode 2
Event: 1.569 Thread 0x00000190d50af860 Uncommon trap: trap_request=0xffffffde fr.pc=0x00000190c0441438 relative=0x00000000000001b8
Event: 1.569 Thread 0x00000190d50af860 Uncommon trap: reason=class_check action=maybe_recompile pc=0x00000190c0441438 method=java.lang.String.equals(Ljava/lang/Object;)Z @ 8 c2
Event: 1.569 Thread 0x00000190d50af860 DEOPT PACKING pc=0x00000190c0441438 sp=0x000000232ecfdb70
Event: 1.569 Thread 0x00000190d50af860 DEOPT UNPACKING pc=0x00000190b89b23a3 sp=0x000000232ecfdb18 mode 2
Event: 1.569 Thread 0x00000190d50af860 Uncommon trap: trap_request=0xffffffde fr.pc=0x00000190c0441438 relative=0x00000000000001b8
Event: 1.569 Thread 0x00000190d50af860 Uncommon trap: reason=class_check action=maybe_recompile pc=0x00000190c0441438 method=java.lang.String.equals(Ljava/lang/Object;)Z @ 8 c2
Event: 1.569 Thread 0x00000190d50af860 DEOPT PACKING pc=0x00000190c0441438 sp=0x000000232ecfdb70
Event: 1.569 Thread 0x00000190d50af860 DEOPT UNPACKING pc=0x00000190b89b23a3 sp=0x000000232ecfdb18 mode 2
Event: 1.612 Thread 0x00000190d50af860 Uncommon trap: trap_request=0xffffffde fr.pc=0x00000190c0441438 relative=0x00000000000001b8
Event: 1.612 Thread 0x00000190d50af860 Uncommon trap: reason=class_check action=maybe_recompile pc=0x00000190c0441438 method=java.lang.String.equals(Ljava/lang/Object;)Z @ 8 c2
Event: 1.612 Thread 0x00000190d50af860 DEOPT PACKING pc=0x00000190c0441438 sp=0x000000232ecfd7c0
Event: 1.612 Thread 0x00000190d50af860 DEOPT UNPACKING pc=0x00000190b89b23a3 sp=0x000000232ecfd768 mode 2

Classes unloaded (0 events):
No events

Classes redefined (0 events):
No events

Internal exceptions (20 events):
Event: 1.209 Thread 0x00000190d50af860 Exception <a 'java/lang/ClassNotFoundException'{0x00000007116b9698}: com/sun/glass/ui/win/themes> (0x00000007116b9698) 
thrown [t:\workspace\open\src\hotspot\share\prims\jni.cpp, line 535]
Event: 1.210 Thread 0x00000190d50af860 Exception <a 'java/lang/ClassNotFoundException'{0x00000007116c57b8}: com/sun/glass/ui/win/themes_pl> (0x00000007116c57b8) 
thrown [t:\workspace\open\src\hotspot\share\prims\jni.cpp, line 535]
Event: 1.210 Thread 0x00000190d50af860 Exception <a 'java/lang/ClassNotFoundException'{0x00000007116c65c8}: com/sun/glass/ui/win/themes_pl_PL> (0x00000007116c65c8) 
thrown [t:\workspace\open\src\hotspot\share\prims\jni.cpp, line 535]
Event: 1.300 Thread 0x00000190d50af860 Exception <a 'java/lang/NoSuchMethodError'{0x00000007110b1f98}: 'void java.lang.invoke.DirectMethodHandle$Holder.invokeStaticInit(java.lang.Object, java.lang.Object)'> (0x00000007110b1f98) 
thrown [t:\workspace\open\src\hotspot\share\interpreter\linkResolver.cpp, line 766]
Event: 1.408 Thread 0x00000190d50af860 Exception <a 'sun/nio/fs/WindowsException'{0x0000000710c94cb0}> (0x0000000710c94cb0) 
thrown [t:\workspace\open\src\hotspot\share\prims\jni.cpp, line 516]
Event: 1.429 Thread 0x00000190d50af860 Implicit null exception at 0x00000190c049348d to 0x00000190c0493abc
Event: 1.440 Thread 0x00000190d50af860 Implicit null exception at 0x00000190c049448f to 0x00000190c04948e4
Event: 1.441 Thread 0x00000190d50af860 Implicit null exception at 0x00000190c0492eaf to 0x00000190c04930ac
Event: 1.598 Thread 0x00000190d50af860 Exception <a 'java/lang/NoSuchMethodError'{0x00000007106a83a8}: 'java.lang.Object java.lang.invoke.DirectMethodHandle$Holder.invokeInterface(java.lang.Object, java.lang.Object, java.lang.Object)'> (0x00000007106a83a8) 
thrown [t:\workspace\open\src\hotspot\share\interpreter\linkResolver.cpp, line 766]
Event: 1.598 Thread 0x00000190d50af860 Exception <a 'java/lang/IncompatibleClassChangeError'{0x00000007106abd30}: Found class java.lang.Object, but interface was expected> (0x00000007106abd30) 
thrown [t:\workspace\open\src\hotspot\share\interpreter\linkResolver.cpp, line 833]
Event: 1.642 Thread 0x00000190d50af860 Exception <a 'java/lang/ClassNotFoundException'{0x00000007100a0a50}: com/sun/javafx/scene/control/skin/resources/controls> (0x00000007100a0a50) 
thrown [t:\workspace\open\src\hotspot\share\prims\jni.cpp, line 535]
Event: 1.643 Thread 0x00000190d50af860 Exception <a 'java/lang/ClassNotFoundException'{0x00000007100ae9f0}: com/sun/javafx/scene/control/skin/resources/controls_pl> (0x00000007100ae9f0) 
thrown [t:\workspace\open\src\hotspot\share\prims\jni.cpp, line 535]
Event: 1.643 Thread 0x00000190d50af860 Exception <a 'java/lang/ClassNotFoundException'{0x00000007100af988}: com/sun/javafx/scene/control/skin/resources/controls_pl_PL> (0x00000007100af988) 
thrown [t:\workspace\open\src\hotspot\share\prims\jni.cpp, line 535]
Event: 1.687 Thread 0x00000190d50af860 Exception <a 'java/lang/NoSuchMethodError'{0x000000070fe6a398}: 'void java.lang.invoke.DirectMethodHandle$Holder.invokeSpecial(java.lang.Object, java.lang.Object, java.lang.Object, java.lang.Object, java.lang.Object, java.lang.Object)'> (0x000000070fe6a398) 
thrown [t:\workspace\open\src\hotspot\share\interpreter\linkResolver.cpp, line 766]
Event: 1.772 Thread 0x00000190d50af860 Exception <a 'java/lang/NoSuchMethodError'{0x000000070fa0c748}: 'java.lang.Object java.lang.invoke.DirectMethodHandle$Holder.newInvokeSpecial(java.lang.Object, java.lang.Object, int)'> (0x000000070fa0c748) 
thrown [t:\workspace\open\src\hotspot\share\interpreter\linkResolver.cpp, line 766]
Event: 1.793 Thread 0x00000190d4bcfd60 Exception <a 'java/lang/NoSuchMethodError'{0x000000070f807558}: 'int java.lang.invoke.DirectMethodHandle$Holder.invokeStaticInit(java.lang.Object, java.lang.Object)'> (0x000000070f807558) 
thrown [t:\workspace\open\src\hotspot\share\interpreter\linkResolver.cpp, line 766]
Event: 1.798 Thread 0x00000190d50af860 Exception <a 'java/lang/NoSuchMethodError'{0x000000070fa63ba8}: 'long java.lang.invoke.DirectMethodHandle$Holder.invokeStatic(java.lang.Object, java.lang.Object, java.lang.Object)'> (0x000000070fa63ba8) 
thrown [t:\workspace\open\src\hotspot\share\interpreter\linkResolver.cpp, line 766]
Event: 1.798 Thread 0x00000190d50af860 Exception <a 'java/lang/NoSuchMethodError'{0x000000070fa67350}: 'long java.lang.invoke.DirectMethodHandle$Holder.invokeStaticInit(java.lang.Object, java.lang.Object, java.lang.Object)'> (0x000000070fa67350) 
thrown [t:\workspace\open\src\hotspot\share\interpreter\linkResolver.cpp, line 766]
Event: 1.800 Thread 0x00000190d50af860 Exception <a 'java/lang/NoSuchMethodError'{0x000000070fa7ef58}: 'java.lang.Object java.lang.invoke.DirectMethodHandle$Holder.newInvokeSpecial(java.lang.Object, java.lang.Object, long)'> (0x000000070fa7ef58) 
thrown [t:\workspace\open\src\hotspot\share\interpreter\linkResolver.cpp, line 766]
Event: 1.800 Thread 0x00000190d50af860 Exception <a 'java/lang/NoSuchMethodError'{0x000000070fa82ac8}: 'java.lang.Object java.lang.invoke.Invokers$Holder.linkToTargetMethod(java.lang.Object, long, java.lang.Object)'> (0x000000070fa82ac8) 
thrown [t:\workspace\open\src\hotspot\share\interpreter\linkResolver.cpp, line 766]

VM Operations (20 events):
Event: 1.724 Executing VM operation: ICBufferFull
Event: 1.724 Executing VM operation: ICBufferFull done
Event: 3.724 Executing VM operation: Cleanup
Event: 3.724 Executing VM operation: Cleanup done
Event: 4.724 Executing VM operation: Cleanup
Event: 4.724 Executing VM operation: Cleanup done
Event: 5.724 Executing VM operation: Cleanup
Event: 5.724 Executing VM operation: Cleanup done
Event: 7.725 Executing VM operation: Cleanup
Event: 7.725 Executing VM operation: Cleanup done
Event: 8.725 Executing VM operation: Cleanup
Event: 8.725 Executing VM operation: Cleanup done
Event: 9.725 Executing VM operation: Cleanup
Event: 9.726 Executing VM operation: Cleanup done
Event: 10.726 Executing VM operation: Cleanup
Event: 10.726 Executing VM operation: Cleanup done
Event: 11.726 Executing VM operation: Cleanup
Event: 11.726 Executing VM operation: Cleanup done
Event: 12.726 Executing VM operation: Cleanup
Event: 12.727 Executing VM operation: Cleanup done

Events (20 events):
Event: 1.825 loading class jdk/internal/math/FDBigInteger done
Event: 1.829 loading class sun/misc/Unsafe
Event: 1.830 loading class sun/misc/Unsafe done
Event: 1.830 loading class jdk/internal/reflect/UnsafeQualifiedStaticObjectFieldAccessorImpl
Event: 1.830 loading class jdk/internal/reflect/UnsafeQualifiedStaticFieldAccessorImpl
Event: 1.830 loading class jdk/internal/reflect/UnsafeQualifiedStaticFieldAccessorImpl done
Event: 1.830 loading class jdk/internal/reflect/UnsafeQualifiedStaticObjectFieldAccessorImpl done
Event: 1.849 loading class java/nio/ShortBuffer
Event: 1.849 loading class java/nio/ShortBuffer done
Event: 1.849 loading class java/nio/DoubleBuffer
Event: 1.849 loading class java/nio/DoubleBuffer done
Event: 1.849 loading class java/nio/DirectFloatBufferU
Event: 1.849 loading class java/nio/DirectFloatBufferU done
Event: 2.115 Thread 0x00000190d9d5f050 Thread exited: 0x00000190d9d5f050
Event: 12.085 loading class java/util/EnumMap$Values
Event: 12.085 loading class java/util/EnumMap$Values done
Event: 12.085 loading class java/util/EnumMap$ValueIterator
Event: 12.085 loading class java/util/EnumMap$EnumMapIterator
Event: 12.085 loading class java/util/EnumMap$EnumMapIterator done
Event: 12.085 loading class java/util/EnumMap$ValueIterator done


Dynamic libraries:
0x00007ff751430000 - 0x00007ff751440000 	C:\Program Files\Java\jdk-17.0.2\bin\java.exe
0x00007ffe31010000 - 0x00007ffe31208000 	C:\Windows\SYSTEM32\ntdll.dll
0x00007ffdfdda0000 - 0x00007ffdfddb7000 	C:\Program Files\Avast Software\Avast\aswhook.dll
0x00007ffe2fff0000 - 0x00007ffe300ad000 	C:\Windows\System32\KERNEL32.DLL
0x00007ffe2ea00000 - 0x00007ffe2ecce000 	C:\Windows\System32\KERNELBASE.dll
0x00007ffe2ed40000 - 0x00007ffe2ee40000 	C:\Windows\System32\ucrtbase.dll
0x00007ffdf08b0000 - 0x00007ffdf08c8000 	C:\Program Files\Java\jdk-17.0.2\bin\jli.dll
0x00007ffdf08d0000 - 0x00007ffdf08ea000 	C:\Program Files\Java\jdk-17.0.2\bin\VCRUNTIME140.dll
0x00007ffe2f630000 - 0x00007ffe2f6de000 	C:\Windows\System32\ADVAPI32.dll
0x00007ffe30c80000 - 0x00007ffe30d1e000 	C:\Windows\System32\msvcrt.dll
0x00007ffe30be0000 - 0x00007ffe30c7c000 	C:\Windows\System32\sechost.dll
0x00007ffe2f6e0000 - 0x00007ffe2f805000 	C:\Windows\System32\RPCRT4.dll
0x00007ffe2f070000 - 0x00007ffe2f210000 	C:\Windows\System32\USER32.dll
0x00007ffe15890000 - 0x00007ffe15b2a000 	C:\Windows\WinSxS\amd64_microsoft.windows.common-controls_6595b64144ccf1df_6.0.19041.1110_none_60b5254171f9507e\COMCTL32.dll
0x00007ffe2e9a0000 - 0x00007ffe2e9c2000 	C:\Windows\System32\win32u.dll
0x00007ffe2f430000 - 0x00007ffe2f45a000 	C:\Windows\System32\GDI32.dll
0x00007ffe2e890000 - 0x00007ffe2e99b000 	C:\Windows\System32\gdi32full.dll
0x00007ffe2efd0000 - 0x00007ffe2f06d000 	C:\Windows\System32\msvcp_win.dll
0x00007ffe28690000 - 0x00007ffe2869a000 	C:\Windows\SYSTEM32\VERSION.dll
0x00007ffe2f3a0000 - 0x00007ffe2f3d0000 	C:\Windows\System32\IMM32.DLL
0x00007ffe10e20000 - 0x00007ffe10e2c000 	C:\Program Files\Java\jdk-17.0.2\bin\vcruntime140_1.dll
0x00007ffde41b0000 - 0x00007ffde423d000 	C:\Program Files\Java\jdk-17.0.2\bin\msvcp140.dll
0x00007ffdc5300000 - 0x00007ffdc5ec1000 	C:\Program Files\Java\jdk-17.0.2\bin\server\jvm.dll
0x00007ffe30bd0000 - 0x00007ffe30bd8000 	C:\Windows\System32\PSAPI.DLL
0x00007ffe118d0000 - 0x00007ffe118d9000 	C:\Windows\SYSTEM32\WSOCK32.dll
0x00007ffe30d20000 - 0x00007ffe30d8b000 	C:\Windows\System32\WS2_32.dll
0x00007ffe20f00000 - 0x00007ffe20f27000 	C:\Windows\SYSTEM32\WINMM.dll
0x00007ffe2d010000 - 0x00007ffe2d022000 	C:\Windows\SYSTEM32\kernel.appcore.dll
0x00007ffe10df0000 - 0x00007ffe10dfa000 	C:\Program Files\Java\jdk-17.0.2\bin\jimage.dll
0x00007ffe2c4b0000 - 0x00007ffe2c694000 	C:\Windows\SYSTEM32\DBGHELP.DLL
0x00007ffe13400000 - 0x00007ffe1342c000 	C:\Windows\SYSTEM32\dbgcore.DLL
0x00007ffe2ee40000 - 0x00007ffe2eec2000 	C:\Windows\System32\bcryptPrimitives.dll
0x00007ffe26680000 - 0x00007ffe2668e000 	C:\Program Files\Java\jdk-17.0.2\bin\instrument.dll
0x00007ffde83c0000 - 0x00007ffde83e5000 	C:\Program Files\Java\jdk-17.0.2\bin\java.dll
0x00007ffde0a40000 - 0x00007ffde0b16000 	C:\Program Files\Java\jdk-17.0.2\bin\jsvml.dll
0x00007ffe30470000 - 0x00007ffe30bb4000 	C:\Windows\System32\SHELL32.dll
0x00007ffe2c830000 - 0x00007ffe2cfc4000 	C:\Windows\SYSTEM32\windows.storage.dll
0x00007ffe30110000 - 0x00007ffe30464000 	C:\Windows\System32\combase.dll
0x00007ffe2e190000 - 0x00007ffe2e1c0000 	C:\Windows\SYSTEM32\Wldp.dll
0x00007ffe2f2f0000 - 0x00007ffe2f39d000 	C:\Windows\System32\SHCORE.dll
0x00007ffe300b0000 - 0x00007ffe30105000 	C:\Windows\System32\shlwapi.dll
0x00007ffe2e670000 - 0x00007ffe2e68f000 	C:\Windows\SYSTEM32\profapi.dll
0x00007ffdf0890000 - 0x00007ffdf08a9000 	C:\Program Files\Java\jdk-17.0.2\bin\net.dll
0x00007ffe26330000 - 0x00007ffe2643a000 	C:\Windows\SYSTEM32\WINHTTP.dll
0x00007ffe2de80000 - 0x00007ffe2deea000 	C:\Windows\system32\mswsock.dll
0x00007ffdf02e0000 - 0x00007ffdf02f6000 	C:\Program Files\Java\jdk-17.0.2\bin\nio.dll
0x00007ffdee8a0000 - 0x00007ffdee8b8000 	C:\Program Files\Java\jdk-17.0.2\bin\zip.dll
0x00007ffe24bf0000 - 0x00007ffe24c0a000 	C:\Program Files\JetBrains\IntelliJ IDEA Community Edition 2021.3.2\bin\breakgen64.dll
0x00000190d3e80000 - 0x00000190d3e83000 	C:\Users\Dupi\.openjfx\cache\17.0.1\api-ms-win-core-console-l1-1-0.dll
0x00000190d3e90000 - 0x00000190d3e93000 	C:\Users\Dupi\.openjfx\cache\17.0.1\api-ms-win-core-console-l1-2-0.dll
0x00000190d3ea0000 - 0x00000190d3ea3000 	C:\Users\Dupi\.openjfx\cache\17.0.1\api-ms-win-core-datetime-l1-1-0.dll
0x00000190d3eb0000 - 0x00000190d3eb3000 	C:\Users\Dupi\.openjfx\cache\17.0.1\api-ms-win-core-debug-l1-1-0.dll
0x00000190d3ec0000 - 0x00000190d3ec3000 	C:\Users\Dupi\.openjfx\cache\17.0.1\api-ms-win-core-errorhandling-l1-1-0.dll
0x00000190d3ed0000 - 0x00000190d3ed4000 	C:\Users\Dupi\.openjfx\cache\17.0.1\api-ms-win-core-file-l1-1-0.dll
0x00000190d3ee0000 - 0x00000190d3ee3000 	C:\Users\Dupi\.openjfx\cache\17.0.1\api-ms-win-core-file-l1-2-0.dll
0x00000190d3ef0000 - 0x00000190d3ef3000 	C:\Users\Dupi\.openjfx\cache\17.0.1\api-ms-win-core-file-l2-1-0.dll
0x00000190d3f00000 - 0x00000190d3f03000 	C:\Users\Dupi\.openjfx\cache\17.0.1\api-ms-win-core-handle-l1-1-0.dll
0x00000190d3f10000 - 0x00000190d3f13000 	C:\Users\Dupi\.openjfx\cache\17.0.1\api-ms-win-core-heap-l1-1-0.dll
0x00000190d3f20000 - 0x00000190d3f23000 	C:\Users\Dupi\.openjfx\cache\17.0.1\api-ms-win-core-interlocked-l1-1-0.dll
0x00000190d3f30000 - 0x00000190d3f33000 	C:\Users\Dupi\.openjfx\cache\17.0.1\api-ms-win-core-libraryloader-l1-1-0.dll
0x00000190d3f40000 - 0x00000190d3f43000 	C:\Users\Dupi\.openjfx\cache\17.0.1\api-ms-win-core-localization-l1-2-0.dll
0x00000190d3f50000 - 0x00000190d3f53000 	C:\Users\Dupi\.openjfx\cache\17.0.1\api-ms-win-core-memory-l1-1-0.dll
0x00000190d3f60000 - 0x00000190d3f63000 	C:\Users\Dupi\.openjfx\cache\17.0.1\api-ms-win-core-namedpipe-l1-1-0.dll
0x00000190d3f70000 - 0x00000190d3f73000 	C:\Users\Dupi\.openjfx\cache\17.0.1\api-ms-win-core-processenvironment-l1-1-0.dll
0x00000190d3f80000 - 0x00000190d3f83000 	C:\Users\Dupi\.openjfx\cache\17.0.1\api-ms-win-core-processthreads-l1-1-0.dll
0x00000190d3f90000 - 0x00000190d3f93000 	C:\Users\Dupi\.openjfx\cache\17.0.1\api-ms-win-core-processthreads-l1-1-1.dll
0x00000190d3fa0000 - 0x00000190d3fa3000 	C:\Users\Dupi\.openjfx\cache\17.0.1\api-ms-win-core-profile-l1-1-0.dll
0x00000190d3fb0000 - 0x00000190d3fb3000 	C:\Users\Dupi\.openjfx\cache\17.0.1\api-ms-win-core-rtlsupport-l1-1-0.dll
0x00000190d3fc0000 - 0x00000190d3fc3000 	C:\Users\Dupi\.openjfx\cache\17.0.1\api-ms-win-core-string-l1-1-0.dll
0x00000190d3fd0000 - 0x00000190d3fd3000 	C:\Users\Dupi\.openjfx\cache\17.0.1\api-ms-win-core-synch-l1-1-0.dll
0x00000190d3fe0000 - 0x00000190d3fe3000 	C:\Users\Dupi\.openjfx\cache\17.0.1\api-ms-win-core-synch-l1-2-0.dll
0x00000190d3ff0000 - 0x00000190d3ff3000 	C:\Users\Dupi\.openjfx\cache\17.0.1\api-ms-win-core-sysinfo-l1-1-0.dll
0x00000190d5400000 - 0x00000190d5403000 	C:\Users\Dupi\.openjfx\cache\17.0.1\api-ms-win-core-timezone-l1-1-0.dll
0x00000190d5410000 - 0x00000190d5413000 	C:\Users\Dupi\.openjfx\cache\17.0.1\api-ms-win-core-util-l1-1-0.dll
0x00000190d5420000 - 0x00000190d5423000 	C:\Users\Dupi\.openjfx\cache\17.0.1\api-ms-win-crt-conio-l1-1-0.dll
0x00000190d5430000 - 0x00000190d5434000 	C:\Users\Dupi\.openjfx\cache\17.0.1\api-ms-win-crt-convert-l1-1-0.dll
0x00000190d5440000 - 0x00000190d5443000 	C:\Users\Dupi\.openjfx\cache\17.0.1\api-ms-win-crt-environment-l1-1-0.dll
0x00000190d5450000 - 0x00000190d5453000 	C:\Users\Dupi\.openjfx\cache\17.0.1\api-ms-win-crt-filesystem-l1-1-0.dll
0x00000190d5460000 - 0x00000190d5463000 	C:\Users\Dupi\.openjfx\cache\17.0.1\api-ms-win-crt-heap-l1-1-0.dll
0x00000190d5470000 - 0x00000190d5473000 	C:\Users\Dupi\.openjfx\cache\17.0.1\api-ms-win-crt-locale-l1-1-0.dll
0x00000190d5480000 - 0x00000190d5485000 	C:\Users\Dupi\.openjfx\cache\17.0.1\api-ms-win-crt-math-l1-1-0.dll
0x00000190d5490000 - 0x00000190d5495000 	C:\Users\Dupi\.openjfx\cache\17.0.1\api-ms-win-crt-multibyte-l1-1-0.dll
0x00000190d54a0000 - 0x00000190d54b0000 	C:\Users\Dupi\.openjfx\cache\17.0.1\api-ms-win-crt-private-l1-1-0.dll
0x00000190d54b0000 - 0x00000190d54b3000 	C:\Users\Dupi\.openjfx\cache\17.0.1\api-ms-win-crt-process-l1-1-0.dll
0x00000190d54c0000 - 0x00000190d54c4000 	C:\Users\Dupi\.openjfx\cache\17.0.1\api-ms-win-crt-runtime-l1-1-0.dll
0x00000190d54d0000 - 0x00000190d54d4000 	C:\Users\Dupi\.openjfx\cache\17.0.1\api-ms-win-crt-stdio-l1-1-0.dll
0x00000190d54e0000 - 0x00000190d54e4000 	C:\Users\Dupi\.openjfx\cache\17.0.1\api-ms-win-crt-string-l1-1-0.dll
0x00000190d54f0000 - 0x00000190d54f3000 	C:\Users\Dupi\.openjfx\cache\17.0.1\api-ms-win-crt-time-l1-1-0.dll
0x00000190d5500000 - 0x00000190d5503000 	C:\Users\Dupi\.openjfx\cache\17.0.1\api-ms-win-crt-utility-l1-1-0.dll
0x00007ffdf7a30000 - 0x00007ffdf7b2c000 	C:\Users\Dupi\.openjfx\cache\17.0.1\ucrtbase.dll
0x00007ffdf7a10000 - 0x00007ffdf7a2a000 	C:\Users\Dupi\.openjfx\cache\17.0.1\vcruntime140.dll
0x00007ffe248b0000 - 0x00007ffe248bc000 	C:\Users\Dupi\.openjfx\cache\17.0.1\vcruntime140_1.dll
0x00007ffdf7980000 - 0x00007ffdf7a0d000 	C:\Users\Dupi\.openjfx\cache\17.0.1\msvcp140.dll
0x00007ffdf7950000 - 0x00007ffdf797a000 	C:\Users\Dupi\.openjfx\cache\17.0.1\prism_d3d.dll
0x00007ffe246d0000 - 0x00007ffe2489f000 	C:\Windows\system32\d3d9.dll
0x00007ffe2bf20000 - 0x00007ffe2bf4f000 	C:\Windows\SYSTEM32\dwmapi.dll
0x00007ffe2bd10000 - 0x00007ffe2bdae000 	C:\Windows\system32\uxtheme.dll
0x00007ffe2e320000 - 0x00007ffe2e332000 	C:\Windows\SYSTEM32\msasn1.dll
0x00007ffe27870000 - 0x00007ffe278a1000 	C:\Windows\SYSTEM32\cryptnet.dll
0x00007ffe2e730000 - 0x00007ffe2e886000 	C:\Windows\System32\CRYPT32.dll
0x00007ffe27530000 - 0x00007ffe27678000 	C:\Windows\SYSTEM32\drvstore.dll
0x00007ffe2e4e0000 - 0x00007ffe2e50c000 	C:\Windows\SYSTEM32\devobj.dll
0x00007ffe2ef80000 - 0x00007ffe2efce000 	C:\Windows\System32\cfgmgr32.dll
0x00007ffe2e100000 - 0x00007ffe2e10c000 	C:\Windows\SYSTEM32\cryptbase.dll
0x00007ffe2ecd0000 - 0x00007ffe2ed37000 	C:\Windows\System32\WINTRUST.DLL
0x00007ffe2f610000 - 0x00007ffe2f62d000 	C:\Windows\System32\imagehlp.dll
0x00007ffe2e0e0000 - 0x00007ffe2e0f8000 	C:\Windows\SYSTEM32\CRYPTSP.dll
0x00007ffe2d800000 - 0x00007ffe2d834000 	C:\Windows\system32\rsaenh.dll
0x00007ffe2e9d0000 - 0x00007ffe2e9f7000 	C:\Windows\System32\bcrypt.dll
0x00007ffe30e40000 - 0x00007ffe30f6a000 	C:\Windows\System32\ole32.dll
0x00007ffe2f810000 - 0x00007ffe2f8dd000 	C:\Windows\System32\OLEAUT32.dll
0x00007ffdf7900000 - 0x00007ffdf7942000 	C:\Users\Dupi\.openjfx\cache\17.0.1\glass.dll
0x00007ffe2f210000 - 0x00007ffe2f2ea000 	C:\Windows\System32\COMDLG32.dll
0x00007ffe2fed0000 - 0x00007ffe2ffe5000 	C:\Windows\System32\MSCTF.dll
0x00007ffdd2310000 - 0x00007ffdd25d7000 	C:\Windows\system32\nvspcap64.dll
0x00007ffe2d430000 - 0x00007ffe2d463000 	C:\Windows\SYSTEM32\ntmarta.dll
0x00007ffe2cfe0000 - 0x00007ffe2d003000 	C:\Windows\SYSTEM32\gpapi.dll
0x00007ffe29190000 - 0x00007ffe291cb000 	C:\Windows\SYSTEM32\dxcore.dll
0x00007ffde9bf0000 - 0x00007ffde9c04000 	C:\Users\Dupi\.openjfx\cache\17.0.1\javafx_font.dll
0x00007ffe2dbb0000 - 0x00007ffe2dc7b000 	C:\Windows\SYSTEM32\DNSAPI.dll
0x00007ffe2db70000 - 0x00007ffe2dbab000 	C:\Windows\SYSTEM32\IPHLPAPI.DLL
0x00007ffe30bc0000 - 0x00007ffe30bc8000 	C:\Windows\System32\NSI.dll
0x00007ffe23e00000 - 0x00007ffe23e0a000 	C:\Windows\System32\rasadhlp.dll
0x00007ffe20980000 - 0x00007ffe20a00000 	C:\Windows\System32\fwpuclnt.dll
0x00007ffdf6360000 - 0x00007ffdf65df000 	C:\Windows\SYSTEM32\dwrite.dll
0x00007ffe30d90000 - 0x00007ffe30e39000 	C:\Windows\System32\clbcatq.dll
0x00007ffe27ad0000 - 0x00007ffe27c84000 	C:\Windows\SYSTEM32\WindowsCodecs.dll
0x00007ffe24330000 - 0x00007ffe24429000 	C:\Windows\SYSTEM32\textinputframework.dll

dbghelp: loaded successfully - version: 4.0.5 - missing functions: none
symbol engine: initialized successfully - sym options: 0x614 - pdb path: .;C:\Program Files\Java\jdk-17.0.2\bin;C:\Windows\SYSTEM32;C:\Program Files\Avast Software\Avast;C:\Windows\WinSxS\amd64_microsoft.windows.common-controls_6595b64144ccf1df_6.0.19041.1110_none_60b5254171f9507e;C:\Program Files\Java\jdk-17.0.2\bin\server;C:\Program Files\JetBrains\IntelliJ IDEA Community Edition 2021.3.2\bin;C:\Users\Dupi\.openjfx\cache\17.0.1;C:\Windows\System32\DriverStore\FileRepository\nvmdi.inf_amd64_4a922d3e93437ff6;C:\Windows\System32\DriverStore\FileRepository\iigd_dch.inf_amd64_1dc9fc8d5e442f6a

VM Arguments:
jvm_args: -javaagent:C:\Program Files\JetBrains\IntelliJ IDEA Community Edition 2021.3.2\lib\idea_rt.jar=57993:C:\Program Files\JetBrains\IntelliJ IDEA Community Edition 2021.3.2\bin -Dfile.encoding=UTF-8 --module-path=C:\Users\Dupi\.m2\repository\org\openjfx\javafx-fxml\17.0.1\javafx-fxml-17.0.1-win.jar;C:\Users\Dupi\.m2\repository\org\openjfx\javafx-graphics\17.0.1\javafx-graphics-17.0.1-win.jar;C:\Users\Dupi\.m2\repository\org\openjfx\javafx-controls\17.0.1\javafx-controls-17.0.1-win.jar;C:\Users\Dupi\IdeaProjects\ZaliczenieKlient2\target\classes;C:\Users\Dupi\.m2\repository\com\vaadin\external\google\android-json\0.0.20131108.vaadin1\android-json-0.0.20131108.vaadin1.jar;C:\Users\Dupi\.m2\repository\org\openjfx\javafx-base\17.0.1\javafx-base-17.0.1-win.jar -Djdk.module.main=com.example.zaliczenieklient2 
java_command: com.example.zaliczenieklient2/com.example.zaliczenieklient2.Application
java_class_path (initial): C:\Users\Dupi\.m2\repository\org\openjfx\javafx-controls\17.0.1\javafx-controls-17.0.1.jar;C:\Users\Dupi\.m2\repository\org\openjfx\javafx-graphics\17.0.1\javafx-graphics-17.0.1.jar;C:\Users\Dupi\.m2\repository\org\openjfx\javafx-base\17.0.1\javafx-base-17.0.1.jar;C:\Users\Dupi\.m2\repository\org\openjfx\javafx-fxml\17.0.1\javafx-fxml-17.0.1.jar
Launcher Type: SUN_STANDARD

[Global flags]
     intx CICompilerCount                          = 3                                         {product} {ergonomic}
     uint ConcGCThreads                            = 1                                         {product} {ergonomic}
     uint G1ConcRefinementThreads                  = 4                                         {product} {ergonomic}
   size_t G1HeapRegionSize                         = 2097152                                   {product} {ergonomic}
    uintx GCDrainStackTargetSize                   = 64                                        {product} {ergonomic}
   size_t InitialHeapSize                          = 268435456                                 {product} {ergonomic}
   size_t MarkStackSize                            = 4194304                                   {product} {ergonomic}
   size_t MaxHeapSize                              = 4269801472                                {product} {ergonomic}
   size_t MaxNewSize                               = 2560622592                                {product} {ergonomic}
   size_t MinHeapDeltaBytes                        = 2097152                                   {product} {ergonomic}
   size_t MinHeapSize                              = 8388608                                   {product} {ergonomic}
    uintx NonNMethodCodeHeapSize                   = 5832780                                {pd product} {ergonomic}
    uintx NonProfiledCodeHeapSize                  = 122912730                              {pd product} {ergonomic}
    uintx ProfiledCodeHeapSize                     = 122912730                              {pd product} {ergonomic}
    uintx ReservedCodeCacheSize                    = 251658240                              {pd product} {ergonomic}
     bool SegmentedCodeCache                       = true                                      {product} {ergonomic}
   size_t SoftMaxHeapSize                          = 4269801472                             {manageable} {ergonomic}
     bool UseCompressedClassPointers               = true                           {product lp64_product} {ergonomic}
     bool UseCompressedOops                        = true                           {product lp64_product} {ergonomic}
     bool UseG1GC                                  = true                                      {product} {ergonomic}
     bool UseLargePagesIndividualAllocation        = false                                  {pd product} {ergonomic}

Logging:
Log output configuration:
 #0: stdout all=warning uptime,level,tags
 #1: stderr all=off uptime,level,tags

Environment Variables:
PATH=C:\Program Files\Common Files\Oracle\Java\javapath;C:\Program Files (x86)\Razer Chroma SDK\bin;C:\Program Files\Razer Chroma SDK\bin;C:\Program Files (x86)\Intel\Intel(R) Management Engine Components\iCLS\;C:\Program Files\Intel\Intel(R) Management Engine Components\iCLS\;C:\Windows\system32;C:\Windows;C:\Windows\System32\Wbem;C:\Windows\System32\WindowsPowerShell\v1.0\;C:\Windows\System32\OpenSSH\;C:\Program Files (x86)\Intel\Intel(R) Management Engine Components\DAL;C:\Program Files\Intel\Intel(R) Management Engine Components\DAL;C:\Program Files (x86)\Intel\Intel(R) Management Engine Components\IPT;C:\Program Files\Intel\Intel(R) Management Engine Components\IPT;C:\Program Files\NVIDIA Corporation\NVIDIA NvDLISR;C:\Program Files\PuTTY\;C:\Program Files (x86)\NVIDIA Corporation\PhysX\Common;C:\Program Files\dotnet\;C:\Users\Dupi\AppData\Local\Microsoft\WindowsApps;C:\Users\Dupi\.dotnet\tools;C:\Users\Dupi\AppData\Local\Programs\Microsoft VS Code\bin;C:\Program Files\Git\cmd;C:\Users\Dupi\AppData\Local\Programs\Python\Python310\Scripts\;C:\Users\Dupi\AppData\Local\Programs\Python\Python310\;C:\Users\Dupi\AppData\Local\Microsoft\WindowsApps;C:\Users\Dupi\.dotnet\tools;C:\Users\Dupi\AppData\Local\Programs\Microsoft VS Code\bin;C:\Program Files\JetBrains\IntelliJ IDEA Community Edition 2021.3.2\bin;
USERNAME=Dupi
OS=Windows_NT
PROCESSOR_IDENTIFIER=Intel64 Family 6 Model 158 Stepping 9, GenuineIntel



---------------  S Y S T E M  ---------------

OS:
 Windows 10 , 64 bit Build 19041 (10.0.19041.1806)
OS uptime: 10 days 3:53 hours

CPU: total 4 (initial active 4) (4 cores per cpu, 1 threads per core) family 6 model 158 stepping 9 microcode 0xb4, cx8, cmov, fxsr, mmx, 3dnowpref, sse, sse2, sse3, ssse3, sse4.1, sse4.2, popcnt, lzcnt, tsc, tscinvbit, avx, avx2, aes, erms, clmul, bmi1, bmi2, adx, fma, vzeroupper, clflush, clflushopt

Memory: 4k page, system-wide physical 16280M (6335M free)
TotalPageFile size 23480M (AvailPageFile size 3149M)
current process WorkingSet (physical memory assigned to process): 112M, peak: 142M
current process commit charge ("private bytes"): 393M, peak: 430M

vm_info: Java HotSpot(TM) 64-Bit Server VM (17.0.2+8-LTS-86) for windows-amd64 JRE (17.0.2+8-LTS-86), built on Dec  7 2021 21:51:03 by "mach5one" with MS VC++ 16.8 / 16.9 (VS2019)

END.
